{"contracts/BatteryToken.sol":{"l":{"51":0,"52":0,"56":0,"57":0,"62":1,"63":1,"64":1,"65":1,"66":1,"67":1,"72":4,"76":3,"81":11,"82":11,"83":11,"84":11,"85":11,"86":11,"87":11,"93":1,"94":1,"96":1,"97":1,"101":8,"102":8,"103":8,"104":8,"105":8,"106":8,"107":2,"108":2,"109":2,"111":6,"114":8,"115":0,"119":8,"120":8,"121":8,"122":8,"126":5,"128":5,"129":5,"130":5,"131":5,"133":0,"135":5,"136":1,"137":1,"140":1,"143":3,"145":5,"146":5,"150":13,"151":0,"153":13,"162":13,"163":13,"169":3,"170":3},"path":"/home/guillermo/BatteryToken/contracts/BatteryToken.sol","s":{"1":0,"2":0,"3":1,"4":1,"5":1,"6":1,"7":1,"8":1,"9":4,"10":3,"11":11,"12":11,"13":11,"14":11,"15":11,"16":11,"17":11,"18":1,"19":1,"20":1,"21":1,"22":8,"23":8,"24":8,"25":8,"26":8,"27":8,"28":2,"29":2,"30":2,"31":6,"32":8,"33":8,"34":8,"35":8,"36":8,"37":5,"38":5,"39":5,"40":5,"41":5,"42":1,"43":1,"44":4,"45":1,"46":3,"47":5,"48":5,"49":13,"50":0,"51":13,"52":13,"53":13,"54":3},"b":{"1":[0,0],"2":[0,0],"3":[1,0],"4":[8,0],"5":[2,6],"6":[0,8],"7":[5,0],"8":[5,0],"9":[5,0],"10":[5,0],"11":[1,4],"12":[1,3],"13":[0,13],"14":[13,0]},"f":{"1":0,"2":0,"3":1,"4":4,"5":3,"6":11,"7":1,"8":8,"9":5,"10":13,"11":3},"fnMap":{"1":{"name":"onlyPublic","line":50,"loc":{"start":{"line":50,"column":4},"end":{"line":50,"column":36}}},"2":{"name":"onlyPrivate","line":55,"loc":{"start":{"line":55,"column":4},"end":{"line":55,"column":37}}},"3":{"name":null,"line":61,"loc":{"start":{"line":61,"column":4},"end":{"line":61,"column":22}}},"4":{"name":"ownerOf","line":71,"loc":{"start":{"line":71,"column":4},"end":{"line":71,"column":60}}},"5":{"name":"getBattery","line":75,"loc":{"start":{"line":75,"column":4},"end":{"line":75,"column":87}}},"6":{"name":"mintBat","line":79,"loc":{"start":{"line":79,"column":4},"end":{"line":79,"column":79}}},"7":{"name":"burnBat","line":90,"loc":{"start":{"line":90,"column":4},"end":{"line":90,"column":50}}},"8":{"name":"proposeExchange","line":100,"loc":{"start":{"line":100,"column":4},"end":{"line":100,"column":174}}},"9":{"name":"executeExchange","line":125,"loc":{"start":{"line":125,"column":4},"end":{"line":125,"column":69}}},"10":{"name":"getBatValue","line":149,"loc":{"start":{"line":149,"column":4},"end":{"line":149,"column":93}}},"11":{"name":"mintERC20","line":168,"loc":{"start":{"line":168,"column":4},"end":{"line":168,"column":56}}}},"statementMap":{"1":{"start":{"line":51,"column":8},"end":{"line":51,"column":69}},"2":{"start":{"line":56,"column":8},"end":{"line":56,"column":71}},"3":{"start":{"line":62,"column":8},"end":{"line":62,"column":25}},"4":{"start":{"line":63,"column":8},"end":{"line":63,"column":20}},"5":{"start":{"line":64,"column":8},"end":{"line":64,"column":43}},"6":{"start":{"line":65,"column":8},"end":{"line":65,"column":46}},"7":{"start":{"line":66,"column":8},"end":{"line":66,"column":41}},"8":{"start":{"line":67,"column":8},"end":{"line":67,"column":42}},"9":{"start":{"line":72,"column":8},"end":{"line":72,"column":32}},"10":{"start":{"line":76,"column":8},"end":{"line":76,"column":122}},"11":{"start":{"line":81,"column":8},"end":{"line":81,"column":33}},"12":{"start":{"line":82,"column":8},"end":{"line":82,"column":43}},"13":{"start":{"line":83,"column":8},"end":{"line":83,"column":54}},"14":{"start":{"line":84,"column":8},"end":{"line":84,"column":41}},"15":{"start":{"line":85,"column":8},"end":{"line":85,"column":47}},"16":{"start":{"line":86,"column":8},"end":{"line":86,"column":118}},"17":{"start":{"line":87,"column":8},"end":{"line":87,"column":23}},"18":{"start":{"line":93,"column":8},"end":{"line":93,"column":74}},"19":{"start":{"line":94,"column":8},"end":{"line":94,"column":37}},"20":{"start":{"line":96,"column":8},"end":{"line":96,"column":36}},"21":{"start":{"line":97,"column":8},"end":{"line":97,"column":19}},"22":{"start":{"line":101,"column":8},"end":{"line":101,"column":164}},"23":{"start":{"line":102,"column":8},"end":{"line":102,"column":123}},"24":{"start":{"line":103,"column":8},"end":{"line":103,"column":59}},"25":{"start":{"line":104,"column":8},"end":{"line":104,"column":52}},"26":{"start":{"line":105,"column":8},"end":{"line":105,"column":51}},"27":{"start":{"line":106,"column":8},"end":{"line":106,"column":4893}},"28":{"start":{"line":107,"column":12},"end":{"line":107,"column":63}},"29":{"start":{"line":108,"column":12},"end":{"line":108,"column":98}},"30":{"start":{"line":109,"column":12},"end":{"line":109,"column":98}},"31":{"start":{"line":111,"column":12},"end":{"line":111,"column":175}},"32":{"start":{"line":114,"column":8},"end":{"line":114,"column":5427}},"33":{"start":{"line":119,"column":8},"end":{"line":119,"column":49}},"34":{"start":{"line":120,"column":8},"end":{"line":120,"column":46}},"35":{"start":{"line":121,"column":8},"end":{"line":121,"column":87}},"36":{"start":{"line":122,"column":8},"end":{"line":122,"column":26}},"37":{"start":{"line":126,"column":8},"end":{"line":126,"column":83}},"38":{"start":{"line":128,"column":8},"end":{"line":128,"column":97}},"39":{"start":{"line":129,"column":8},"end":{"line":129,"column":101}},"40":{"start":{"line":130,"column":8},"end":{"line":130,"column":6478}},"41":{"start":{"line":135,"column":8},"end":{"line":135,"column":6907}},"42":{"start":{"line":136,"column":12},"end":{"line":136,"column":75}},"43":{"start":{"line":137,"column":12},"end":{"line":137,"column":97}},"44":{"start":{"line":138,"column":15},"end":{"line":138,"column":7170}},"45":{"start":{"line":140,"column":12},"end":{"line":140,"column":85}},"46":{"start":{"line":143,"column":12},"end":{"line":143,"column":85}},"47":{"start":{"line":145,"column":8},"end":{"line":145,"column":46}},"48":{"start":{"line":146,"column":8},"end":{"line":146,"column":144}},"49":{"start":{"line":150,"column":8},"end":{"line":150,"column":7824}},"50":{"start":{"line":151,"column":12},"end":{"line":151,"column":20}},"51":{"start":{"line":153,"column":12},"end":{"line":153,"column":7902}},"52":{"start":{"line":162,"column":12},"end":{"line":162,"column":105}},"53":{"start":{"line":163,"column":12},"end":{"line":163,"column":24}},"54":{"start":{"line":170,"column":8},"end":{"line":170,"column":19}}},"branchMap":{"1":{"line":51,"type":"if","locations":[{"start":{"line":51,"column":8},"end":{"line":51,"column":8}},{"start":{"line":51,"column":8},"end":{"line":51,"column":8}}]},"2":{"line":56,"type":"if","locations":[{"start":{"line":56,"column":8},"end":{"line":56,"column":8}},{"start":{"line":56,"column":8},"end":{"line":56,"column":8}}]},"3":{"line":93,"type":"if","locations":[{"start":{"line":93,"column":8},"end":{"line":93,"column":8}},{"start":{"line":93,"column":8},"end":{"line":93,"column":8}}]},"4":{"line":101,"type":"if","locations":[{"start":{"line":101,"column":8},"end":{"line":101,"column":8}},{"start":{"line":101,"column":8},"end":{"line":101,"column":8}}]},"5":{"line":106,"type":"if","locations":[{"start":{"line":106,"column":8},"end":{"line":106,"column":8}},{"start":{"line":106,"column":8},"end":{"line":106,"column":8}}]},"6":{"line":114,"type":"if","locations":[{"start":{"line":114,"column":8},"end":{"line":114,"column":8}},{"start":{"line":114,"column":8},"end":{"line":114,"column":8}}]},"7":{"line":126,"type":"if","locations":[{"start":{"line":126,"column":8},"end":{"line":126,"column":8}},{"start":{"line":126,"column":8},"end":{"line":126,"column":8}}]},"8":{"line":128,"type":"if","locations":[{"start":{"line":128,"column":8},"end":{"line":128,"column":8}},{"start":{"line":128,"column":8},"end":{"line":128,"column":8}}]},"9":{"line":129,"type":"if","locations":[{"start":{"line":129,"column":8},"end":{"line":129,"column":8}},{"start":{"line":129,"column":8},"end":{"line":129,"column":8}}]},"10":{"line":130,"type":"if","locations":[{"start":{"line":130,"column":8},"end":{"line":130,"column":8}},{"start":{"line":130,"column":8},"end":{"line":130,"column":8}}]},"11":{"line":135,"type":"if","locations":[{"start":{"line":135,"column":8},"end":{"line":135,"column":8}},{"start":{"line":135,"column":8},"end":{"line":135,"column":8}}]},"12":{"line":138,"type":"if","locations":[{"start":{"line":138,"column":15},"end":{"line":138,"column":15}},{"start":{"line":138,"column":15},"end":{"line":138,"column":15}}]},"13":{"line":150,"type":"if","locations":[{"start":{"line":150,"column":8},"end":{"line":150,"column":8}},{"start":{"line":150,"column":8},"end":{"line":150,"column":8}}]},"14":{"line":162,"type":"if","locations":[{"start":{"line":162,"column":12},"end":{"line":162,"column":12}},{"start":{"line":162,"column":12},"end":{"line":162,"column":12}}]}}},"contracts/ERC20.sol":{"l":{"26":6,"35":12,"52":15,"61":9,"62":7,"75":37,"77":36,"78":36,"79":36,"96":7,"98":4,"99":4,"100":3,"119":7,"121":6,"123":6,"124":6,"143":11,"145":10,"147":6,"148":6,"158":13,"159":12,"161":10,"162":10,"163":10,"174":69,"175":68,"176":68,"177":68,"187":16,"188":15,"190":14,"191":14,"192":14,"203":11,"207":8,"209":8},"path":"/home/guillermo/BatteryToken/contracts/ERC20.sol","s":{"1":6,"2":12,"3":15,"4":9,"5":7,"6":37,"7":36,"8":36,"9":36,"10":7,"11":4,"12":4,"13":3,"14":7,"15":6,"16":6,"17":6,"18":11,"19":10,"20":6,"21":6,"22":13,"23":12,"24":10,"25":10,"26":10,"27":69,"28":68,"29":68,"30":68,"31":16,"32":15,"33":14,"34":14,"35":14,"36":11,"37":8,"38":8},"b":{"1":[36,1],"2":[4,3],"3":[6,1],"4":[10,1],"5":[12,1],"6":[10,2],"7":[68,1],"8":[15,1],"9":[14,1],"10":[8,3]},"f":{"1":6,"2":12,"3":15,"4":9,"5":37,"6":7,"7":7,"8":11,"9":13,"10":69,"11":16,"12":11},"fnMap":{"1":{"name":"totalSupply","line":25,"loc":{"start":{"line":25,"column":2},"end":{"line":25,"column":54}}},"2":{"name":"balanceOf","line":34,"loc":{"start":{"line":34,"column":2},"end":{"line":34,"column":65}}},"3":{"name":"allowance","line":44,"loc":{"start":{"line":44,"column":2},"end":{"line":51,"column":3}}},"4":{"name":"transfer","line":60,"loc":{"start":{"line":60,"column":2},"end":{"line":60,"column":68}}},"5":{"name":"approve","line":74,"loc":{"start":{"line":74,"column":2},"end":{"line":74,"column":72}}},"6":{"name":"transferFrom","line":88,"loc":{"start":{"line":88,"column":2},"end":{"line":95,"column":3}}},"7":{"name":"increaseAllowance","line":112,"loc":{"start":{"line":112,"column":2},"end":{"line":118,"column":3}}},"8":{"name":"decreaseAllowance","line":136,"loc":{"start":{"line":136,"column":2},"end":{"line":142,"column":3}}},"9":{"name":"_transfer","line":157,"loc":{"start":{"line":157,"column":2},"end":{"line":157,"column":70}}},"10":{"name":"_mint","line":173,"loc":{"start":{"line":173,"column":2},"end":{"line":173,"column":57}}},"11":{"name":"_burn","line":186,"loc":{"start":{"line":186,"column":2},"end":{"line":186,"column":57}}},"12":{"name":"_burnFrom","line":202,"loc":{"start":{"line":202,"column":2},"end":{"line":202,"column":61}}}},"statementMap":{"1":{"start":{"line":26,"column":4},"end":{"line":26,"column":23}},"2":{"start":{"line":35,"column":4},"end":{"line":35,"column":27}},"3":{"start":{"line":52,"column":4},"end":{"line":52,"column":35}},"4":{"start":{"line":61,"column":4},"end":{"line":61,"column":35}},"5":{"start":{"line":62,"column":4},"end":{"line":62,"column":15}},"6":{"start":{"line":75,"column":4},"end":{"line":75,"column":33}},"7":{"start":{"line":77,"column":4},"end":{"line":77,"column":40}},"8":{"start":{"line":78,"column":4},"end":{"line":78,"column":45}},"9":{"start":{"line":79,"column":4},"end":{"line":79,"column":15}},"10":{"start":{"line":96,"column":4},"end":{"line":96,"column":47}},"11":{"start":{"line":98,"column":4},"end":{"line":98,"column":69}},"12":{"start":{"line":99,"column":4},"end":{"line":99,"column":29}},"13":{"start":{"line":100,"column":4},"end":{"line":100,"column":15}},"14":{"start":{"line":119,"column":4},"end":{"line":119,"column":33}},"15":{"start":{"line":121,"column":4},"end":{"line":121,"column":3933}},"16":{"start":{"line":123,"column":4},"end":{"line":123,"column":69}},"17":{"start":{"line":124,"column":4},"end":{"line":124,"column":15}},"18":{"start":{"line":143,"column":4},"end":{"line":143,"column":33}},"19":{"start":{"line":145,"column":4},"end":{"line":145,"column":4753}},"20":{"start":{"line":147,"column":4},"end":{"line":147,"column":69}},"21":{"start":{"line":148,"column":4},"end":{"line":148,"column":15}},"22":{"start":{"line":158,"column":4},"end":{"line":158,"column":36}},"23":{"start":{"line":159,"column":4},"end":{"line":159,"column":28}},"24":{"start":{"line":161,"column":4},"end":{"line":161,"column":47}},"25":{"start":{"line":162,"column":4},"end":{"line":162,"column":43}},"26":{"start":{"line":163,"column":4},"end":{"line":163,"column":34}},"27":{"start":{"line":174,"column":4},"end":{"line":174,"column":24}},"28":{"start":{"line":175,"column":4},"end":{"line":175,"column":41}},"29":{"start":{"line":176,"column":4},"end":{"line":176,"column":53}},"30":{"start":{"line":177,"column":4},"end":{"line":177,"column":45}},"31":{"start":{"line":187,"column":4},"end":{"line":187,"column":24}},"32":{"start":{"line":188,"column":4},"end":{"line":188,"column":39}},"33":{"start":{"line":190,"column":4},"end":{"line":190,"column":41}},"34":{"start":{"line":191,"column":4},"end":{"line":191,"column":53}},"35":{"start":{"line":192,"column":4},"end":{"line":192,"column":45}},"36":{"start":{"line":203,"column":4},"end":{"line":203,"column":50}},"37":{"start":{"line":207,"column":4},"end":{"line":207,"column":7068}},"38":{"start":{"line":209,"column":4},"end":{"line":209,"column":24}}},"branchMap":{"1":{"line":75,"type":"if","locations":[{"start":{"line":75,"column":4},"end":{"line":75,"column":4}},{"start":{"line":75,"column":4},"end":{"line":75,"column":4}}]},"2":{"line":96,"type":"if","locations":[{"start":{"line":96,"column":4},"end":{"line":96,"column":4}},{"start":{"line":96,"column":4},"end":{"line":96,"column":4}}]},"3":{"line":119,"type":"if","locations":[{"start":{"line":119,"column":4},"end":{"line":119,"column":4}},{"start":{"line":119,"column":4},"end":{"line":119,"column":4}}]},"4":{"line":143,"type":"if","locations":[{"start":{"line":143,"column":4},"end":{"line":143,"column":4}},{"start":{"line":143,"column":4},"end":{"line":143,"column":4}}]},"5":{"line":158,"type":"if","locations":[{"start":{"line":158,"column":4},"end":{"line":158,"column":4}},{"start":{"line":158,"column":4},"end":{"line":158,"column":4}}]},"6":{"line":159,"type":"if","locations":[{"start":{"line":159,"column":4},"end":{"line":159,"column":4}},{"start":{"line":159,"column":4},"end":{"line":159,"column":4}}]},"7":{"line":174,"type":"if","locations":[{"start":{"line":174,"column":4},"end":{"line":174,"column":4}},{"start":{"line":174,"column":4},"end":{"line":174,"column":4}}]},"8":{"line":187,"type":"if","locations":[{"start":{"line":187,"column":4},"end":{"line":187,"column":4}},{"start":{"line":187,"column":4},"end":{"line":187,"column":4}}]},"9":{"line":188,"type":"if","locations":[{"start":{"line":188,"column":4},"end":{"line":188,"column":4}},{"start":{"line":188,"column":4},"end":{"line":188,"column":4}}]},"10":{"line":203,"type":"if","locations":[{"start":{"line":203,"column":4},"end":{"line":203,"column":4}},{"start":{"line":203,"column":4},"end":{"line":203,"column":4}}]}}},"contracts/IERC20.sol":{"l":{},"path":"/home/guillermo/BatteryToken/contracts/IERC20.sol","s":{},"b":{},"f":{},"fnMap":{},"statementMap":{},"branchMap":{}},"contracts/mocks/ERC20Mock.sol":{"l":{"9":62,"13":4,"17":8,"21":11},"path":"/home/guillermo/BatteryToken/contracts/mocks/ERC20Mock.sol","s":{"1":62,"2":4,"3":8,"4":11},"b":{},"f":{"1":62,"2":4,"3":8,"4":11},"fnMap":{"1":{"name":null,"line":8,"loc":{"start":{"line":8,"column":2},"end":{"line":8,"column":68}}},"2":{"name":"mint","line":12,"loc":{"start":{"line":12,"column":2},"end":{"line":12,"column":55}}},"3":{"name":"burn","line":16,"loc":{"start":{"line":16,"column":2},"end":{"line":16,"column":55}}},"4":{"name":"burnFrom","line":20,"loc":{"start":{"line":20,"column":2},"end":{"line":20,"column":59}}}},"statementMap":{"1":{"start":{"line":9,"column":4},"end":{"line":9,"column":40}},"2":{"start":{"line":13,"column":4},"end":{"line":13,"column":25}},"3":{"start":{"line":17,"column":4},"end":{"line":17,"column":25}},"4":{"start":{"line":21,"column":4},"end":{"line":21,"column":29}}},"branchMap":{}},"contracts/SafeMath.sol":{"l":{"15":38,"16":3,"19":35,"20":35,"22":35,"30":38,"31":38,"34":38,"41":122,"42":118,"44":118,"51":176,"52":176,"54":176,"62":0,"63":0},"path":"/home/guillermo/BatteryToken/contracts/SafeMath.sol","s":{"1":38,"2":3,"3":35,"4":35,"5":35,"6":38,"7":38,"8":38,"9":122,"10":118,"11":118,"12":176,"13":176,"14":176,"15":0,"16":0},"b":{"1":[3,35],"2":[35,0],"3":[38,0],"4":[118,4],"5":[176,0],"6":[0,0]},"f":{"1":38,"2":38,"3":122,"4":176,"5":0},"fnMap":{"1":{"name":"mul","line":11,"loc":{"start":{"line":11,"column":4},"end":{"line":11,"column":68}}},"2":{"name":"div","line":28,"loc":{"start":{"line":28,"column":4},"end":{"line":28,"column":68}}},"3":{"name":"sub","line":40,"loc":{"start":{"line":40,"column":4},"end":{"line":40,"column":68}}},"4":{"name":"add","line":50,"loc":{"start":{"line":50,"column":4},"end":{"line":50,"column":68}}},"5":{"name":"mod","line":61,"loc":{"start":{"line":61,"column":4},"end":{"line":61,"column":68}}}},"statementMap":{"1":{"start":{"line":15,"column":8},"end":{"line":15,"column":555}},"2":{"start":{"line":16,"column":12},"end":{"line":16,"column":20}},"3":{"start":{"line":19,"column":8},"end":{"line":19,"column":24}},"4":{"start":{"line":20,"column":8},"end":{"line":20,"column":26}},"5":{"start":{"line":22,"column":8},"end":{"line":22,"column":16}},"6":{"start":{"line":30,"column":8},"end":{"line":30,"column":21}},"7":{"start":{"line":31,"column":8},"end":{"line":31,"column":24}},"8":{"start":{"line":34,"column":8},"end":{"line":34,"column":16}},"9":{"start":{"line":41,"column":8},"end":{"line":41,"column":22}},"10":{"start":{"line":42,"column":8},"end":{"line":42,"column":24}},"11":{"start":{"line":44,"column":8},"end":{"line":44,"column":16}},"12":{"start":{"line":51,"column":8},"end":{"line":51,"column":24}},"13":{"start":{"line":52,"column":8},"end":{"line":52,"column":22}},"14":{"start":{"line":54,"column":8},"end":{"line":54,"column":16}},"15":{"start":{"line":62,"column":8},"end":{"line":62,"column":22}},"16":{"start":{"line":63,"column":8},"end":{"line":63,"column":20}}},"branchMap":{"1":{"line":15,"type":"if","locations":[{"start":{"line":15,"column":8},"end":{"line":15,"column":8}},{"start":{"line":15,"column":8},"end":{"line":15,"column":8}}]},"2":{"line":20,"type":"if","locations":[{"start":{"line":20,"column":8},"end":{"line":20,"column":8}},{"start":{"line":20,"column":8},"end":{"line":20,"column":8}}]},"3":{"line":30,"type":"if","locations":[{"start":{"line":30,"column":8},"end":{"line":30,"column":8}},{"start":{"line":30,"column":8},"end":{"line":30,"column":8}}]},"4":{"line":41,"type":"if","locations":[{"start":{"line":41,"column":8},"end":{"line":41,"column":8}},{"start":{"line":41,"column":8},"end":{"line":41,"column":8}}]},"5":{"line":52,"type":"if","locations":[{"start":{"line":52,"column":8},"end":{"line":52,"column":8}},{"start":{"line":52,"column":8},"end":{"line":52,"column":8}}]},"6":{"line":62,"type":"if","locations":[{"start":{"line":62,"column":8},"end":{"line":62,"column":8}},{"start":{"line":62,"column":8},"end":{"line":62,"column":8}}]}}}}