{"contracts/BatteryToken.sol":{"l":{"51":1,"52":1,"53":1,"54":1,"55":1,"56":1,"61":6,"65":3,"70":15,"71":15,"72":15,"73":15,"74":15,"75":15,"76":15,"82":1,"83":1,"85":1,"86":1,"90":10,"91":10,"92":10,"93":10,"94":10,"95":10,"96":4,"97":4,"98":4,"100":6,"103":10,"104":2,"108":10,"109":10,"110":10,"111":10,"115":6,"117":6,"118":6,"119":6,"120":5,"122":1,"124":6,"125":2,"126":2,"129":1,"132":3,"134":6,"135":6,"139":18,"140":1,"142":17,"151":17,"152":17,"158":5,"159":5},"path":"/home/guillermo/BatteryToken/contracts/BatteryToken.sol","s":{"1":1,"2":1,"3":1,"4":1,"5":1,"6":1,"7":6,"8":3,"9":15,"10":15,"11":15,"12":15,"13":15,"14":15,"15":15,"16":1,"17":1,"18":1,"19":1,"20":10,"21":10,"22":10,"23":10,"24":10,"25":10,"26":4,"27":4,"28":4,"29":6,"30":10,"31":10,"32":10,"33":10,"34":10,"35":6,"36":6,"37":6,"38":6,"39":6,"40":2,"41":2,"42":4,"43":1,"44":3,"45":6,"46":6,"47":18,"48":1,"49":17,"50":17,"51":17,"52":5},"b":{"1":[1,0],"2":[10,0],"3":[4,6],"4":[2,8],"5":[6,0],"6":[6,0],"7":[6,0],"8":[5,1],"9":[2,4],"10":[1,3],"11":[1,17],"12":[17,0]},"f":{"1":1,"2":6,"3":3,"4":15,"5":1,"6":10,"7":6,"8":18,"9":5},"fnMap":{"1":{"name":null,"line":50,"loc":{"start":{"line":50,"column":4},"end":{"line":50,"column":22}}},"2":{"name":"ownerOf","line":60,"loc":{"start":{"line":60,"column":4},"end":{"line":60,"column":60}}},"3":{"name":"getBattery","line":64,"loc":{"start":{"line":64,"column":4},"end":{"line":64,"column":87}}},"4":{"name":"mintBat","line":68,"loc":{"start":{"line":68,"column":4},"end":{"line":68,"column":79}}},"5":{"name":"burnBat","line":79,"loc":{"start":{"line":79,"column":4},"end":{"line":79,"column":50}}},"6":{"name":"proposeExchange","line":89,"loc":{"start":{"line":89,"column":4},"end":{"line":89,"column":174}}},"7":{"name":"executeExchange","line":114,"loc":{"start":{"line":114,"column":4},"end":{"line":114,"column":69}}},"8":{"name":"getBatValue","line":138,"loc":{"start":{"line":138,"column":4},"end":{"line":138,"column":93}}},"9":{"name":"mintERC20","line":157,"loc":{"start":{"line":157,"column":4},"end":{"line":157,"column":56}}}},"statementMap":{"1":{"start":{"line":51,"column":8},"end":{"line":51,"column":25}},"2":{"start":{"line":52,"column":8},"end":{"line":52,"column":20}},"3":{"start":{"line":53,"column":8},"end":{"line":53,"column":43}},"4":{"start":{"line":54,"column":8},"end":{"line":54,"column":46}},"5":{"start":{"line":55,"column":8},"end":{"line":55,"column":41}},"6":{"start":{"line":56,"column":8},"end":{"line":56,"column":42}},"7":{"start":{"line":61,"column":8},"end":{"line":61,"column":32}},"8":{"start":{"line":65,"column":8},"end":{"line":65,"column":122}},"9":{"start":{"line":70,"column":8},"end":{"line":70,"column":33}},"10":{"start":{"line":71,"column":8},"end":{"line":71,"column":43}},"11":{"start":{"line":72,"column":8},"end":{"line":72,"column":54}},"12":{"start":{"line":73,"column":8},"end":{"line":73,"column":41}},"13":{"start":{"line":74,"column":8},"end":{"line":74,"column":47}},"14":{"start":{"line":75,"column":8},"end":{"line":75,"column":118}},"15":{"start":{"line":76,"column":8},"end":{"line":76,"column":23}},"16":{"start":{"line":82,"column":8},"end":{"line":82,"column":74}},"17":{"start":{"line":83,"column":8},"end":{"line":83,"column":37}},"18":{"start":{"line":85,"column":8},"end":{"line":85,"column":36}},"19":{"start":{"line":86,"column":8},"end":{"line":86,"column":19}},"20":{"start":{"line":90,"column":8},"end":{"line":90,"column":164}},"21":{"start":{"line":91,"column":8},"end":{"line":91,"column":123}},"22":{"start":{"line":92,"column":8},"end":{"line":92,"column":59}},"23":{"start":{"line":93,"column":8},"end":{"line":93,"column":52}},"24":{"start":{"line":94,"column":8},"end":{"line":94,"column":51}},"25":{"start":{"line":95,"column":8},"end":{"line":95,"column":4602}},"26":{"start":{"line":96,"column":12},"end":{"line":96,"column":63}},"27":{"start":{"line":97,"column":12},"end":{"line":97,"column":98}},"28":{"start":{"line":98,"column":12},"end":{"line":98,"column":98}},"29":{"start":{"line":100,"column":12},"end":{"line":100,"column":175}},"30":{"start":{"line":103,"column":8},"end":{"line":103,"column":5136}},"31":{"start":{"line":108,"column":8},"end":{"line":108,"column":49}},"32":{"start":{"line":109,"column":8},"end":{"line":109,"column":46}},"33":{"start":{"line":110,"column":8},"end":{"line":110,"column":87}},"34":{"start":{"line":111,"column":8},"end":{"line":111,"column":26}},"35":{"start":{"line":115,"column":8},"end":{"line":115,"column":83}},"36":{"start":{"line":117,"column":8},"end":{"line":117,"column":97}},"37":{"start":{"line":118,"column":8},"end":{"line":118,"column":101}},"38":{"start":{"line":119,"column":8},"end":{"line":119,"column":6187}},"39":{"start":{"line":124,"column":8},"end":{"line":124,"column":6616}},"40":{"start":{"line":125,"column":12},"end":{"line":125,"column":75}},"41":{"start":{"line":126,"column":12},"end":{"line":126,"column":97}},"42":{"start":{"line":127,"column":15},"end":{"line":127,"column":6879}},"43":{"start":{"line":129,"column":12},"end":{"line":129,"column":85}},"44":{"start":{"line":132,"column":12},"end":{"line":132,"column":85}},"45":{"start":{"line":134,"column":8},"end":{"line":134,"column":46}},"46":{"start":{"line":135,"column":8},"end":{"line":135,"column":144}},"47":{"start":{"line":139,"column":8},"end":{"line":139,"column":7533}},"48":{"start":{"line":140,"column":12},"end":{"line":140,"column":20}},"49":{"start":{"line":142,"column":12},"end":{"line":142,"column":7611}},"50":{"start":{"line":151,"column":12},"end":{"line":151,"column":105}},"51":{"start":{"line":152,"column":12},"end":{"line":152,"column":24}},"52":{"start":{"line":159,"column":8},"end":{"line":159,"column":19}}},"branchMap":{"1":{"line":82,"type":"if","locations":[{"start":{"line":82,"column":8},"end":{"line":82,"column":8}},{"start":{"line":82,"column":8},"end":{"line":82,"column":8}}]},"2":{"line":90,"type":"if","locations":[{"start":{"line":90,"column":8},"end":{"line":90,"column":8}},{"start":{"line":90,"column":8},"end":{"line":90,"column":8}}]},"3":{"line":95,"type":"if","locations":[{"start":{"line":95,"column":8},"end":{"line":95,"column":8}},{"start":{"line":95,"column":8},"end":{"line":95,"column":8}}]},"4":{"line":103,"type":"if","locations":[{"start":{"line":103,"column":8},"end":{"line":103,"column":8}},{"start":{"line":103,"column":8},"end":{"line":103,"column":8}}]},"5":{"line":115,"type":"if","locations":[{"start":{"line":115,"column":8},"end":{"line":115,"column":8}},{"start":{"line":115,"column":8},"end":{"line":115,"column":8}}]},"6":{"line":117,"type":"if","locations":[{"start":{"line":117,"column":8},"end":{"line":117,"column":8}},{"start":{"line":117,"column":8},"end":{"line":117,"column":8}}]},"7":{"line":118,"type":"if","locations":[{"start":{"line":118,"column":8},"end":{"line":118,"column":8}},{"start":{"line":118,"column":8},"end":{"line":118,"column":8}}]},"8":{"line":119,"type":"if","locations":[{"start":{"line":119,"column":8},"end":{"line":119,"column":8}},{"start":{"line":119,"column":8},"end":{"line":119,"column":8}}]},"9":{"line":124,"type":"if","locations":[{"start":{"line":124,"column":8},"end":{"line":124,"column":8}},{"start":{"line":124,"column":8},"end":{"line":124,"column":8}}]},"10":{"line":127,"type":"if","locations":[{"start":{"line":127,"column":15},"end":{"line":127,"column":15}},{"start":{"line":127,"column":15},"end":{"line":127,"column":15}}]},"11":{"line":139,"type":"if","locations":[{"start":{"line":139,"column":8},"end":{"line":139,"column":8}},{"start":{"line":139,"column":8},"end":{"line":139,"column":8}}]},"12":{"line":151,"type":"if","locations":[{"start":{"line":151,"column":12},"end":{"line":151,"column":12}},{"start":{"line":151,"column":12},"end":{"line":151,"column":12}}]}}},"contracts/ERC20.sol":{"l":{"26":6,"35":12,"52":15,"61":9,"62":7,"75":39,"77":38,"78":38,"79":38,"96":8,"98":5,"99":5,"100":4,"119":7,"121":6,"123":6,"124":6,"143":11,"145":10,"147":6,"148":6,"158":14,"159":13,"161":11,"162":11,"163":11,"174":71,"175":70,"176":70,"177":70,"187":16,"188":15,"190":14,"191":14,"192":14,"203":11,"207":8,"209":8},"path":"/home/guillermo/BatteryToken/contracts/ERC20.sol","s":{"1":6,"2":12,"3":15,"4":9,"5":7,"6":39,"7":38,"8":38,"9":38,"10":8,"11":5,"12":5,"13":4,"14":7,"15":6,"16":6,"17":6,"18":11,"19":10,"20":6,"21":6,"22":14,"23":13,"24":11,"25":11,"26":11,"27":71,"28":70,"29":70,"30":70,"31":16,"32":15,"33":14,"34":14,"35":14,"36":11,"37":8,"38":8},"b":{"1":[38,1],"2":[5,3],"3":[6,1],"4":[10,1],"5":[13,1],"6":[11,2],"7":[70,1],"8":[15,1],"9":[14,1],"10":[8,3]},"f":{"1":6,"2":12,"3":15,"4":9,"5":39,"6":8,"7":7,"8":11,"9":14,"10":71,"11":16,"12":11},"fnMap":{"1":{"name":"totalSupply","line":25,"loc":{"start":{"line":25,"column":2},"end":{"line":25,"column":54}}},"2":{"name":"balanceOf","line":34,"loc":{"start":{"line":34,"column":2},"end":{"line":34,"column":65}}},"3":{"name":"allowance","line":44,"loc":{"start":{"line":44,"column":2},"end":{"line":51,"column":3}}},"4":{"name":"transfer","line":60,"loc":{"start":{"line":60,"column":2},"end":{"line":60,"column":68}}},"5":{"name":"approve","line":74,"loc":{"start":{"line":74,"column":2},"end":{"line":74,"column":72}}},"6":{"name":"transferFrom","line":88,"loc":{"start":{"line":88,"column":2},"end":{"line":95,"column":3}}},"7":{"name":"increaseAllowance","line":112,"loc":{"start":{"line":112,"column":2},"end":{"line":118,"column":3}}},"8":{"name":"decreaseAllowance","line":136,"loc":{"start":{"line":136,"column":2},"end":{"line":142,"column":3}}},"9":{"name":"_transfer","line":157,"loc":{"start":{"line":157,"column":2},"end":{"line":157,"column":70}}},"10":{"name":"_mint","line":173,"loc":{"start":{"line":173,"column":2},"end":{"line":173,"column":57}}},"11":{"name":"_burn","line":186,"loc":{"start":{"line":186,"column":2},"end":{"line":186,"column":57}}},"12":{"name":"_burnFrom","line":202,"loc":{"start":{"line":202,"column":2},"end":{"line":202,"column":61}}}},"statementMap":{"1":{"start":{"line":26,"column":4},"end":{"line":26,"column":23}},"2":{"start":{"line":35,"column":4},"end":{"line":35,"column":27}},"3":{"start":{"line":52,"column":4},"end":{"line":52,"column":35}},"4":{"start":{"line":61,"column":4},"end":{"line":61,"column":35}},"5":{"start":{"line":62,"column":4},"end":{"line":62,"column":15}},"6":{"start":{"line":75,"column":4},"end":{"line":75,"column":33}},"7":{"start":{"line":77,"column":4},"end":{"line":77,"column":40}},"8":{"start":{"line":78,"column":4},"end":{"line":78,"column":45}},"9":{"start":{"line":79,"column":4},"end":{"line":79,"column":15}},"10":{"start":{"line":96,"column":4},"end":{"line":96,"column":47}},"11":{"start":{"line":98,"column":4},"end":{"line":98,"column":69}},"12":{"start":{"line":99,"column":4},"end":{"line":99,"column":29}},"13":{"start":{"line":100,"column":4},"end":{"line":100,"column":15}},"14":{"start":{"line":119,"column":4},"end":{"line":119,"column":33}},"15":{"start":{"line":121,"column":4},"end":{"line":121,"column":3933}},"16":{"start":{"line":123,"column":4},"end":{"line":123,"column":69}},"17":{"start":{"line":124,"column":4},"end":{"line":124,"column":15}},"18":{"start":{"line":143,"column":4},"end":{"line":143,"column":33}},"19":{"start":{"line":145,"column":4},"end":{"line":145,"column":4753}},"20":{"start":{"line":147,"column":4},"end":{"line":147,"column":69}},"21":{"start":{"line":148,"column":4},"end":{"line":148,"column":15}},"22":{"start":{"line":158,"column":4},"end":{"line":158,"column":36}},"23":{"start":{"line":159,"column":4},"end":{"line":159,"column":28}},"24":{"start":{"line":161,"column":4},"end":{"line":161,"column":47}},"25":{"start":{"line":162,"column":4},"end":{"line":162,"column":43}},"26":{"start":{"line":163,"column":4},"end":{"line":163,"column":34}},"27":{"start":{"line":174,"column":4},"end":{"line":174,"column":24}},"28":{"start":{"line":175,"column":4},"end":{"line":175,"column":41}},"29":{"start":{"line":176,"column":4},"end":{"line":176,"column":53}},"30":{"start":{"line":177,"column":4},"end":{"line":177,"column":45}},"31":{"start":{"line":187,"column":4},"end":{"line":187,"column":24}},"32":{"start":{"line":188,"column":4},"end":{"line":188,"column":39}},"33":{"start":{"line":190,"column":4},"end":{"line":190,"column":41}},"34":{"start":{"line":191,"column":4},"end":{"line":191,"column":53}},"35":{"start":{"line":192,"column":4},"end":{"line":192,"column":45}},"36":{"start":{"line":203,"column":4},"end":{"line":203,"column":50}},"37":{"start":{"line":207,"column":4},"end":{"line":207,"column":7068}},"38":{"start":{"line":209,"column":4},"end":{"line":209,"column":24}}},"branchMap":{"1":{"line":75,"type":"if","locations":[{"start":{"line":75,"column":4},"end":{"line":75,"column":4}},{"start":{"line":75,"column":4},"end":{"line":75,"column":4}}]},"2":{"line":96,"type":"if","locations":[{"start":{"line":96,"column":4},"end":{"line":96,"column":4}},{"start":{"line":96,"column":4},"end":{"line":96,"column":4}}]},"3":{"line":119,"type":"if","locations":[{"start":{"line":119,"column":4},"end":{"line":119,"column":4}},{"start":{"line":119,"column":4},"end":{"line":119,"column":4}}]},"4":{"line":143,"type":"if","locations":[{"start":{"line":143,"column":4},"end":{"line":143,"column":4}},{"start":{"line":143,"column":4},"end":{"line":143,"column":4}}]},"5":{"line":158,"type":"if","locations":[{"start":{"line":158,"column":4},"end":{"line":158,"column":4}},{"start":{"line":158,"column":4},"end":{"line":158,"column":4}}]},"6":{"line":159,"type":"if","locations":[{"start":{"line":159,"column":4},"end":{"line":159,"column":4}},{"start":{"line":159,"column":4},"end":{"line":159,"column":4}}]},"7":{"line":174,"type":"if","locations":[{"start":{"line":174,"column":4},"end":{"line":174,"column":4}},{"start":{"line":174,"column":4},"end":{"line":174,"column":4}}]},"8":{"line":187,"type":"if","locations":[{"start":{"line":187,"column":4},"end":{"line":187,"column":4}},{"start":{"line":187,"column":4},"end":{"line":187,"column":4}}]},"9":{"line":188,"type":"if","locations":[{"start":{"line":188,"column":4},"end":{"line":188,"column":4}},{"start":{"line":188,"column":4},"end":{"line":188,"column":4}}]},"10":{"line":203,"type":"if","locations":[{"start":{"line":203,"column":4},"end":{"line":203,"column":4}},{"start":{"line":203,"column":4},"end":{"line":203,"column":4}}]}}},"contracts/IERC20.sol":{"l":{},"path":"/home/guillermo/BatteryToken/contracts/IERC20.sol","s":{},"b":{},"f":{},"fnMap":{},"statementMap":{},"branchMap":{}},"contracts/mocks/ERC20Mock.sol":{"l":{"9":62,"13":4,"17":8,"21":11},"path":"/home/guillermo/BatteryToken/contracts/mocks/ERC20Mock.sol","s":{"1":62,"2":4,"3":8,"4":11},"b":{},"f":{"1":62,"2":4,"3":8,"4":11},"fnMap":{"1":{"name":null,"line":8,"loc":{"start":{"line":8,"column":2},"end":{"line":8,"column":68}}},"2":{"name":"mint","line":12,"loc":{"start":{"line":12,"column":2},"end":{"line":12,"column":55}}},"3":{"name":"burn","line":16,"loc":{"start":{"line":16,"column":2},"end":{"line":16,"column":55}}},"4":{"name":"burnFrom","line":20,"loc":{"start":{"line":20,"column":2},"end":{"line":20,"column":59}}}},"statementMap":{"1":{"start":{"line":9,"column":4},"end":{"line":9,"column":40}},"2":{"start":{"line":13,"column":4},"end":{"line":13,"column":25}},"3":{"start":{"line":17,"column":4},"end":{"line":17,"column":25}},"4":{"start":{"line":21,"column":4},"end":{"line":21,"column":29}}},"branchMap":{}},"contracts/mocks/SafeMathMock.sol":{"l":{"8":3,"12":2,"16":2,"20":2,"24":5},"path":"/home/guillermo/BatteryToken/contracts/mocks/SafeMathMock.sol","s":{"1":3,"2":2,"3":2,"4":2,"5":5},"b":{},"f":{"1":3,"2":2,"3":2,"4":2,"5":5},"fnMap":{"1":{"name":"mul","line":7,"loc":{"start":{"line":7,"column":2},"end":{"line":7,"column":66}}},"2":{"name":"div","line":11,"loc":{"start":{"line":11,"column":2},"end":{"line":11,"column":66}}},"3":{"name":"sub","line":15,"loc":{"start":{"line":15,"column":2},"end":{"line":15,"column":66}}},"4":{"name":"add","line":19,"loc":{"start":{"line":19,"column":2},"end":{"line":19,"column":66}}},"5":{"name":"mod","line":23,"loc":{"start":{"line":23,"column":2},"end":{"line":23,"column":66}}}},"statementMap":{"1":{"start":{"line":8,"column":4},"end":{"line":8,"column":29}},"2":{"start":{"line":12,"column":4},"end":{"line":12,"column":29}},"3":{"start":{"line":16,"column":4},"end":{"line":16,"column":29}},"4":{"start":{"line":20,"column":4},"end":{"line":20,"column":29}},"5":{"start":{"line":24,"column":4},"end":{"line":24,"column":29}}},"branchMap":{}},"contracts/SafeMath.sol":{"l":{"15":49,"16":6,"19":43,"20":43,"22":42,"30":48,"31":47,"34":47,"41":146,"42":141,"44":141,"51":191,"52":191,"54":190,"62":5,"63":4},"path":"/home/guillermo/BatteryToken/contracts/SafeMath.sol","s":{"1":49,"2":6,"3":43,"4":43,"5":42,"6":48,"7":47,"8":47,"9":146,"10":141,"11":141,"12":191,"13":191,"14":190,"15":5,"16":4},"b":{"1":[6,43],"2":[42,1],"3":[47,1],"4":[141,5],"5":[190,1],"6":[4,1]},"f":{"1":49,"2":48,"3":146,"4":191,"5":5},"fnMap":{"1":{"name":"mul","line":11,"loc":{"start":{"line":11,"column":4},"end":{"line":11,"column":68}}},"2":{"name":"div","line":28,"loc":{"start":{"line":28,"column":4},"end":{"line":28,"column":68}}},"3":{"name":"sub","line":40,"loc":{"start":{"line":40,"column":4},"end":{"line":40,"column":68}}},"4":{"name":"add","line":50,"loc":{"start":{"line":50,"column":4},"end":{"line":50,"column":68}}},"5":{"name":"mod","line":61,"loc":{"start":{"line":61,"column":4},"end":{"line":61,"column":68}}}},"statementMap":{"1":{"start":{"line":15,"column":8},"end":{"line":15,"column":555}},"2":{"start":{"line":16,"column":12},"end":{"line":16,"column":20}},"3":{"start":{"line":19,"column":8},"end":{"line":19,"column":24}},"4":{"start":{"line":20,"column":8},"end":{"line":20,"column":26}},"5":{"start":{"line":22,"column":8},"end":{"line":22,"column":16}},"6":{"start":{"line":30,"column":8},"end":{"line":30,"column":21}},"7":{"start":{"line":31,"column":8},"end":{"line":31,"column":24}},"8":{"start":{"line":34,"column":8},"end":{"line":34,"column":16}},"9":{"start":{"line":41,"column":8},"end":{"line":41,"column":22}},"10":{"start":{"line":42,"column":8},"end":{"line":42,"column":24}},"11":{"start":{"line":44,"column":8},"end":{"line":44,"column":16}},"12":{"start":{"line":51,"column":8},"end":{"line":51,"column":24}},"13":{"start":{"line":52,"column":8},"end":{"line":52,"column":22}},"14":{"start":{"line":54,"column":8},"end":{"line":54,"column":16}},"15":{"start":{"line":62,"column":8},"end":{"line":62,"column":22}},"16":{"start":{"line":63,"column":8},"end":{"line":63,"column":20}}},"branchMap":{"1":{"line":15,"type":"if","locations":[{"start":{"line":15,"column":8},"end":{"line":15,"column":8}},{"start":{"line":15,"column":8},"end":{"line":15,"column":8}}]},"2":{"line":20,"type":"if","locations":[{"start":{"line":20,"column":8},"end":{"line":20,"column":8}},{"start":{"line":20,"column":8},"end":{"line":20,"column":8}}]},"3":{"line":30,"type":"if","locations":[{"start":{"line":30,"column":8},"end":{"line":30,"column":8}},{"start":{"line":30,"column":8},"end":{"line":30,"column":8}}]},"4":{"line":41,"type":"if","locations":[{"start":{"line":41,"column":8},"end":{"line":41,"column":8}},{"start":{"line":41,"column":8},"end":{"line":41,"column":8}}]},"5":{"line":52,"type":"if","locations":[{"start":{"line":52,"column":8},"end":{"line":52,"column":8}},{"start":{"line":52,"column":8},"end":{"line":52,"column":8}}]},"6":{"line":62,"type":"if","locations":[{"start":{"line":62,"column":8},"end":{"line":62,"column":8}},{"start":{"line":62,"column":8},"end":{"line":62,"column":8}}]}}}}