TN:
SF:/home/guillermo/BatteryToken/contracts/BatteryToken.sol
FN:50,onlyPublic
FN:55,onlyPrivate
FN:61,
FN:71,ownerOf
FN:75,getBattery
FN:79,mintBat
FN:90,burnBat
FN:100,proposeExchange
FN:125,executeExchange
FN:149,getBatValue
FN:168,mintERC20
FNF:11
FNH:9
FNDA:0,onlyPublic
FNDA:0,onlyPrivate
FNDA:1,
FNDA:4,ownerOf
FNDA:3,getBattery
FNDA:11,mintBat
FNDA:1,burnBat
FNDA:8,proposeExchange
FNDA:5,executeExchange
FNDA:13,getBatValue
FNDA:3,mintERC20
DA:51,0
DA:52,0
DA:56,0
DA:57,0
DA:62,1
DA:63,1
DA:64,1
DA:65,1
DA:66,1
DA:67,1
DA:72,4
DA:76,3
DA:81,11
DA:82,11
DA:83,11
DA:84,11
DA:85,11
DA:86,11
DA:87,11
DA:93,1
DA:94,1
DA:96,1
DA:97,1
DA:101,8
DA:102,8
DA:103,8
DA:104,8
DA:105,8
DA:106,8
DA:107,2
DA:108,2
DA:109,2
DA:111,6
DA:114,8
DA:115,0
DA:119,8
DA:120,8
DA:121,8
DA:122,8
DA:126,5
DA:128,5
DA:129,5
DA:130,5
DA:131,5
DA:133,0
DA:135,5
DA:136,1
DA:137,1
DA:140,1
DA:143,3
DA:145,5
DA:146,5
DA:150,13
DA:151,0
DA:153,13
DA:162,13
DA:163,13
DA:169,3
DA:170,3
LF:59
LH:52
BRDA:51,1,0,0
BRDA:51,1,1,0
BRDA:56,2,0,0
BRDA:56,2,1,0
BRDA:93,3,0,1
BRDA:93,3,1,0
BRDA:101,4,0,8
BRDA:101,4,1,0
BRDA:106,5,0,2
BRDA:106,5,1,6
BRDA:114,6,0,0
BRDA:114,6,1,8
BRDA:126,7,0,5
BRDA:126,7,1,0
BRDA:128,8,0,5
BRDA:128,8,1,0
BRDA:129,9,0,5
BRDA:129,9,1,0
BRDA:130,10,0,5
BRDA:130,10,1,0
BRDA:135,11,0,1
BRDA:135,11,1,4
BRDA:138,12,0,1
BRDA:138,12,1,3
BRDA:150,13,0,0
BRDA:150,13,1,13
BRDA:162,14,0,13
BRDA:162,14,1,0
BRF:28
BRH:15
end_of_record
TN:
SF:/home/guillermo/BatteryToken/contracts/ERC20.sol
FN:25,totalSupply
FN:34,balanceOf
FN:44,allowance
FN:60,transfer
FN:74,approve
FN:88,transferFrom
FN:112,increaseAllowance
FN:136,decreaseAllowance
FN:157,_transfer
FN:173,_mint
FN:186,_burn
FN:202,_burnFrom
FNF:12
FNH:12
FNDA:6,totalSupply
FNDA:12,balanceOf
FNDA:15,allowance
FNDA:9,transfer
FNDA:37,approve
FNDA:7,transferFrom
FNDA:7,increaseAllowance
FNDA:11,decreaseAllowance
FNDA:13,_transfer
FNDA:69,_mint
FNDA:16,_burn
FNDA:11,_burnFrom
DA:26,6
DA:35,12
DA:52,15
DA:61,9
DA:62,7
DA:75,37
DA:77,36
DA:78,36
DA:79,36
DA:96,7
DA:98,4
DA:99,4
DA:100,3
DA:119,7
DA:121,6
DA:123,6
DA:124,6
DA:143,11
DA:145,10
DA:147,6
DA:148,6
DA:158,13
DA:159,12
DA:161,10
DA:162,10
DA:163,10
DA:174,69
DA:175,68
DA:176,68
DA:177,68
DA:187,16
DA:188,15
DA:190,14
DA:191,14
DA:192,14
DA:203,11
DA:207,8
DA:209,8
LF:38
LH:38
BRDA:75,1,0,36
BRDA:75,1,1,1
BRDA:96,2,0,4
BRDA:96,2,1,3
BRDA:119,3,0,6
BRDA:119,3,1,1
BRDA:143,4,0,10
BRDA:143,4,1,1
BRDA:158,5,0,12
BRDA:158,5,1,1
BRDA:159,6,0,10
BRDA:159,6,1,2
BRDA:174,7,0,68
BRDA:174,7,1,1
BRDA:187,8,0,15
BRDA:187,8,1,1
BRDA:188,9,0,14
BRDA:188,9,1,1
BRDA:203,10,0,8
BRDA:203,10,1,3
BRF:20
BRH:20
end_of_record
TN:
SF:/home/guillermo/BatteryToken/contracts/IERC20.sol
FNF:0
FNH:0
LF:0
LH:0
BRF:0
BRH:0
end_of_record
TN:
SF:/home/guillermo/BatteryToken/contracts/mocks/ERC20Mock.sol
FN:8,
FN:12,mint
FN:16,burn
FN:20,burnFrom
FNF:4
FNH:4
FNDA:62,
FNDA:4,mint
FNDA:8,burn
FNDA:11,burnFrom
DA:9,62
DA:13,4
DA:17,8
DA:21,11
LF:4
LH:4
BRF:0
BRH:0
end_of_record
TN:
SF:/home/guillermo/BatteryToken/contracts/SafeMath.sol
FN:11,mul
FN:28,div
FN:40,sub
FN:50,add
FN:61,mod
FNF:5
FNH:4
FNDA:38,mul
FNDA:38,div
FNDA:122,sub
FNDA:176,add
FNDA:0,mod
DA:15,38
DA:16,3
DA:19,35
DA:20,35
DA:22,35
DA:30,38
DA:31,38
DA:34,38
DA:41,122
DA:42,118
DA:44,118
DA:51,176
DA:52,176
DA:54,176
DA:62,0
DA:63,0
LF:16
LH:14
BRDA:15,1,0,3
BRDA:15,1,1,35
BRDA:20,2,0,35
BRDA:20,2,1,0
BRDA:30,3,0,38
BRDA:30,3,1,0
BRDA:41,4,0,118
BRDA:41,4,1,4
BRDA:52,5,0,176
BRDA:52,5,1,0
BRDA:62,6,0,0
BRDA:62,6,1,0
BRF:12
BRH:7
end_of_record
