TN:
SF:/home/guillermo/BatteryToken/contracts/BatteryToken.sol
FN:52,
FN:62,batteriesOfOwner
FN:67,ownerOf
FN:71,getBattery
FN:75,mintBat
FN:87,burnBat
FN:98,removeFromArray
FN:109,proposeExchange
FN:143,executeExchange
FN:171,getBatValue
FN:190,mintERC20
FNF:11
FNH:11
FNDA:1,
FNDA:1,batteriesOfOwner
FNDA:6,ownerOf
FNDA:3,getBattery
FNDA:16,mintBat
FNDA:1,burnBat
FNDA:5,removeFromArray
FNDA:10,proposeExchange
FNDA:6,executeExchange
FNDA:18,getBatValue
FNDA:5,mintERC20
DA:53,1
DA:54,1
DA:55,1
DA:56,1
DA:57,1
DA:58,1
DA:59,1
DA:63,1
DA:68,6
DA:72,3
DA:77,16
DA:78,16
DA:79,16
DA:80,16
DA:81,16
DA:82,16
DA:83,16
DA:84,16
DA:90,1
DA:91,1
DA:92,1
DA:94,1
DA:95,1
DA:99,5
DA:100,5
DA:102,5
DA:103,5
DA:105,5
DA:106,5
DA:119,10
DA:120,10
DA:121,10
DA:122,10
DA:123,10
DA:124,10
DA:125,4
DA:126,4
DA:127,4
DA:129,6
DA:132,10
DA:133,2
DA:137,10
DA:138,10
DA:139,10
DA:140,10
DA:144,6
DA:146,6
DA:147,6
DA:148,6
DA:149,5
DA:151,1
DA:153,6
DA:154,2
DA:155,2
DA:156,2
DA:157,2
DA:158,2
DA:159,2
DA:162,1
DA:165,3
DA:167,6
DA:168,6
DA:172,18
DA:173,1
DA:175,17
DA:184,17
DA:185,17
DA:191,5
DA:192,5
LF:69
LH:69
BRDA:90,1,0,1
BRDA:90,1,1,0
BRDA:100,2,0,0
BRDA:100,2,1,5
BRDA:102,3,0,5
BRDA:102,3,1,0
BRDA:119,4,0,10
BRDA:119,4,1,0
BRDA:124,5,0,4
BRDA:124,5,1,6
BRDA:132,6,0,2
BRDA:132,6,1,8
BRDA:144,7,0,6
BRDA:144,7,1,0
BRDA:146,8,0,6
BRDA:146,8,1,0
BRDA:147,9,0,6
BRDA:147,9,1,0
BRDA:148,10,0,5
BRDA:148,10,1,1
BRDA:153,11,0,2
BRDA:153,11,1,4
BRDA:160,12,0,1
BRDA:160,12,1,3
BRDA:172,13,0,1
BRDA:172,13,1,17
BRDA:184,14,0,17
BRDA:184,14,1,0
BRF:28
BRH:20
end_of_record
TN:
SF:/home/guillermo/BatteryToken/contracts/ERC20.sol
FN:25,totalSupply
FN:34,balanceOf
FN:44,allowance
FN:60,transfer
FN:74,approve
FN:88,transferFrom
FN:112,increaseAllowance
FN:136,decreaseAllowance
FN:157,_transfer
FN:173,_mint
FN:186,_burn
FN:202,_burnFrom
FNF:12
FNH:12
FNDA:6,totalSupply
FNDA:12,balanceOf
FNDA:15,allowance
FNDA:9,transfer
FNDA:39,approve
FNDA:8,transferFrom
FNDA:7,increaseAllowance
FNDA:11,decreaseAllowance
FNDA:14,_transfer
FNDA:71,_mint
FNDA:16,_burn
FNDA:11,_burnFrom
DA:26,6
DA:35,12
DA:52,15
DA:61,9
DA:62,7
DA:75,39
DA:77,38
DA:78,38
DA:79,38
DA:96,8
DA:98,5
DA:99,5
DA:100,4
DA:119,7
DA:121,6
DA:123,6
DA:124,6
DA:143,11
DA:145,10
DA:147,6
DA:148,6
DA:158,14
DA:159,13
DA:161,11
DA:162,11
DA:163,11
DA:174,71
DA:175,70
DA:176,70
DA:177,70
DA:187,16
DA:188,15
DA:190,14
DA:191,14
DA:192,14
DA:203,11
DA:207,8
DA:209,8
LF:38
LH:38
BRDA:75,1,0,38
BRDA:75,1,1,1
BRDA:96,2,0,5
BRDA:96,2,1,3
BRDA:119,3,0,6
BRDA:119,3,1,1
BRDA:143,4,0,10
BRDA:143,4,1,1
BRDA:158,5,0,13
BRDA:158,5,1,1
BRDA:159,6,0,11
BRDA:159,6,1,2
BRDA:174,7,0,70
BRDA:174,7,1,1
BRDA:187,8,0,15
BRDA:187,8,1,1
BRDA:188,9,0,14
BRDA:188,9,1,1
BRDA:203,10,0,8
BRDA:203,10,1,3
BRF:20
BRH:20
end_of_record
TN:
SF:/home/guillermo/BatteryToken/contracts/IERC20.sol
FNF:0
FNH:0
LF:0
LH:0
BRF:0
BRH:0
end_of_record
TN:
SF:/home/guillermo/BatteryToken/contracts/mocks/ERC20Mock.sol
FN:8,
FN:12,mint
FN:16,burn
FN:20,burnFrom
FNF:4
FNH:4
FNDA:62,
FNDA:4,mint
FNDA:8,burn
FNDA:11,burnFrom
DA:9,62
DA:13,4
DA:17,8
DA:21,11
LF:4
LH:4
BRF:0
BRH:0
end_of_record
TN:
SF:/home/guillermo/BatteryToken/contracts/mocks/SafeMathMock.sol
FN:7,mul
FN:11,div
FN:15,sub
FN:19,add
FN:23,mod
FNF:5
FNH:5
FNDA:3,mul
FNDA:2,div
FNDA:2,sub
FNDA:2,add
FNDA:5,mod
DA:8,3
DA:12,2
DA:16,2
DA:20,2
DA:24,5
LF:5
LH:5
BRF:0
BRH:0
end_of_record
TN:
SF:/home/guillermo/BatteryToken/contracts/SafeMath.sol
FN:11,mul
FN:28,div
FN:40,sub
FN:50,add
FN:61,mod
FNF:5
FNH:5
FNDA:49,mul
FNDA:48,div
FNDA:156,sub
FNDA:192,add
FNDA:5,mod
DA:15,49
DA:16,6
DA:19,43
DA:20,43
DA:22,42
DA:30,48
DA:31,47
DA:34,47
DA:41,156
DA:42,151
DA:44,151
DA:51,192
DA:52,192
DA:54,191
DA:62,5
DA:63,4
LF:16
LH:16
BRDA:15,1,0,6
BRDA:15,1,1,43
BRDA:20,2,0,42
BRDA:20,2,1,1
BRDA:30,3,0,47
BRDA:30,3,1,1
BRDA:41,4,0,151
BRDA:41,4,1,5
BRDA:52,5,0,191
BRDA:52,5,1,1
BRDA:62,6,0,4
BRDA:62,6,1,1
BRF:12
BRH:12
end_of_record
